<?xml version="1.0" encoding="UTF-8"?>
<!-- Generated by org.testng.reporters.JUnitReportReporter -->
<testsuite hostname="DESKTOP-OU8D57B" failures="0" tests="2" name="Demo.TestNGMultiBrowser" time="19.454" errors="0" timestamp="2022-06-26T17:17:01 IST" skipped="0">
  <testcase classname="Demo.TestNGMultiBrowser" name="test" time="9.576"/>
  <system-out/>
  <testcase classname="Demo.TestNGMultiBrowser" name="test" time="9.878"/>
  <system-out/>
</testsuite> <!-- Demo.TestNGMultiBrowser -->
