<?xml version="1.0" encoding="UTF-8"?>
<!-- Generated by org.testng.reporters.JUnitReportReporter -->
<testsuite hostname="DESKTOP-OU8D57B" failures="0" tests="2" name="test.TestNG_Demo" time="51.697" errors="0" timestamp="2022-06-27T00:01:37 IST" skipped="0">
  <testcase classname="test.TestNG_Demo" name="googleSearch" time="27.831"/>
  <system-out/>
  <testcase classname="test.TestNG_Demo" name="googleSearch2" time="23.866"/>
  <system-out/>
</testsuite> <!-- test.TestNG_Demo -->
