<?xml version="1.0" encoding="UTF-8"?>
<!-- Generated by org.testng.reporters.JUnitReportReporter -->
<testsuite hostname="DESKTOP-OU8D57B" failures="0" tests="2" name="ExcelDataProvider" time="46.786" errors="0" timestamp="2022-06-25T00:19:19 IST" skipped="0">
  <testcase classname="ExcelDataProvider" name="test1" time="26.983"/>
  <system-out/>
  <testcase classname="ExcelDataProvider" name="test1" time="19.803"/>
  <system-out/>
</testsuite> <!-- ExcelDataProvider -->
