<?xml version="1.0" encoding="UTF-8"?>
<!-- Generated by org.testng.reporters.JUnitReportReporter -->
<testsuite hostname="DESKTOP-OU8D57B" failures="0" tests="3" name="TestNGPriority" time="0.035" errors="0" timestamp="2022-06-25T23:57:31 IST" skipped="0">
  <testcase classname="TestNGPriority" name="test3" time="0.023"/>
  <system-out/>
  <testcase classname="TestNGPriority" name="test1" time="0.004"/>
  <system-out/>
  <testcase classname="TestNGPriority" name="test2" time="0.008"/>
  <system-out/>
</testsuite> <!-- TestNGPriority -->
